Thu 14 Mar 2024 03:00:01 PM CST
可以访问互联网
Thu 14 Mar 2024 06:00:01 PM CST
可以访问互联网
Thu 14 Mar 2024 09:00:01 PM CST
可以访问互联网
Fri 15 Mar 2024 12:00:01 AM CST
可以访问互联网
Fri 15 Mar 2024 03:00:01 AM CST
可以访问互联网
Fri 15 Mar 2024 06:00:01 AM CST
可以访问互联网
Fri 15 Mar 2024 09:00:01 AM CST
可以访问互联网
Fri 15 Mar 2024 12:00:01 PM CST
可以访问互联网
Fri 15 Mar 2024 03:00:01 PM CST
可以访问互联网
Fri 15 Mar 2024 06:00:01 PM CST
可以访问互联网
Fri 15 Mar 2024 09:00:01 PM CST
可以访问互联网
Sat 16 Mar 2024 12:00:01 AM CST
可以访问互联网
Sat 16 Mar 2024 03:00:01 AM CST
可以访问互联网
Sat 16 Mar 2024 06:00:01 AM CST
无法访问互联网
[sudo] linshuijin 的密码： [2K
成功用 "wlx485f0881551f2a4df513-9fd8-4aee-834b-19e8bfad0854" 激活了设备 ""。
[2K
成功用 "wlx485f0881551fde144030-76c0-4248-901a-01c65e74207a" 激活了设备 ""。
已恢复
Sat 16 Mar 2024 09:00:01 AM CST
无法访问互联网
[sudo] linshuijin 的密码： [2K
成功用 "wlx485f0881551f2a4df513-9fd8-4aee-834b-19e8bfad0854" 激活了设备 ""。
[2K
成功用 "wlx485f0881551fde144030-76c0-4248-901a-01c65e74207a" 激活了设备 ""。
已恢复
Sat 16 Mar 2024 12:00:01 PM CST
可以访问互联网
Sat 16 Mar 2024 03:00:01 PM CST
可以访问互联网
Sat 16 Mar 2024 06:00:01 PM CST
可以访问互联网
Sat 16 Mar 2024 09:00:01 PM CST
无法访问互联网
[sudo] linshuijin 的密码： [2K
成功用 "wlx485f0881551f2a4df513-9fd8-4aee-834b-19e8bfad0854" 激活了设备 ""。
[2K
成功用 "wlx485f0881551fde144030-76c0-4248-901a-01c65e74207a" 激活了设备 ""。
已恢复
Sun 17 Mar 2024 12:00:01 AM CST
可以访问互联网
Sun 17 Mar 2024 03:00:01 AM CST
可以访问互联网
Sun 17 Mar 2024 06:00:01 AM CST
可以访问互联网
Sun 17 Mar 2024 09:00:01 AM CST
可以访问互联网
Mon 18 Mar 2024 12:00:01 PM CST
可以访问互联网
Mon 18 Mar 2024 03:00:01 PM CST
可以访问互联网
Mon 18 Mar 2024 06:00:01 PM CST
可以访问互联网
Mon 18 Mar 2024 09:00:01 PM CST
可以访问互联网
Tue 19 Mar 2024 12:00:01 AM CST
可以访问互联网
Tue 19 Mar 2024 03:00:01 AM CST
可以访问互联网
Tue 19 Mar 2024 06:00:01 AM CST
可以访问互联网
